  源.cpp
C:\software\3.2\opencv\build\include\opencv2/core/mat.hpp(2586): warning C4819: 该文件包含不能在当前代码页(936)中表示的字符。请将该文件保存为 Unicode 格式以防止数据丢失
C:\software\3.2\opencv\build\include\opencv2/core/persistence.hpp : warning C4819: 该文件包含不能在当前代码页(936)中表示的字符。请将该文件保存为 Unicode 格式以防止数据丢失
C:\software\3.2\opencv\build\include\opencv2/core/utility.hpp : warning C4819: 该文件包含不能在当前代码页(936)中表示的字符。请将该文件保存为 Unicode 格式以防止数据丢失
C:\software\3.2\opencv\build\include\opencv2/imgproc.hpp(592): warning C4819: 该文件包含不能在当前代码页(936)中表示的字符。请将该文件保存为 Unicode 格式以防止数据丢失
j:\dot_project\080118mapping\080118mapping\ID.h(67): warning C4244: “=”: 从“double”转换到“int”，可能丢失数据
j:\dot_project\080118mapping\080118mapping\ID.h(88): warning C4244: “=”: 从“double”转换到“int”，可能丢失数据
j:\dot_project\080118mapping\080118mapping\ID.h(110): warning C4244: “=”: 从“double”转换到“int”，可能丢失数据
j:\dot_project\080118mapping\080118mapping\ID.h(134): warning C4244: “=”: 从“double”转换到“int”，可能丢失数据
j:\dot_project\080118mapping\080118mapping\identification.h(97): warning C4244: “=”: 从“double”转换到“int”，可能丢失数据
源.cpp(168): warning C4244: “参数”: 从“int”转换到“GLfloat”，可能丢失数据
源.cpp(345): warning C4244: “参数”: 从“int”转换到“float”，可能丢失数据
源.cpp(346): warning C4244: “参数”: 从“int”转换到“float”，可能丢失数据
源.cpp(347): warning C4244: “参数”: 从“int”转换到“float”，可能丢失数据
源.cpp(491): warning C4267: “初始化”: 从“size_t”转换到“int”，可能丢失数据
源.cpp(596): warning C4018: “>”: 有符号/无符号不匹配
源.cpp(602): warning C4267: “参数”: 从“size_t”转换到“const int”，可能丢失数据
源.cpp(668): warning C4267: “初始化”: 从“size_t”转换到“int”，可能丢失数据
  正在生成代码
  18 of 1499 functions ( 1.2%) were compiled, the rest were copied from previous compilation.
    0 functions were new in current compilation
    1 functions had inline decision re-evaluated but remain unchanged
  已完成代码的生成
  080118mapping.vcxproj -> J:\dot_project\080118mapping\x64\Release\080118mapping.exe
  080118mapping.vcxproj -> J:\dot_project\080118mapping\x64\Release\080118mapping.pdb (Full PDB)
