  源.cpp
c:\software\3.2\opencv\build\include\opencv2\core\mat.hpp(2586): warning C4819: 该文件包含不能在当前代码页(936)中表示的字符。请将该文件保存为 Unicode 格式以防止数据丢失
c:\software\3.2\opencv\build\include\opencv2\core\persistence.hpp : warning C4819: 该文件包含不能在当前代码页(936)中表示的字符。请将该文件保存为 Unicode 格式以防止数据丢失
c:\software\3.2\opencv\build\include\opencv2\core\utility.hpp : warning C4819: 该文件包含不能在当前代码页(936)中表示的字符。请将该文件保存为 Unicode 格式以防止数据丢失
c:\software\3.2\opencv\build\include\opencv2\flann\logger.h(66): error C4996: 'fopen': This function or variable may be unsafe. Consider using fopen_s instead. To disable deprecation, use _CRT_SECURE_NO_WARNINGS. See online help for details.
  c:\program files (x86)\windows kits\10\include\10.0.10240.0\ucrt\stdio.h(205): note: 参见“fopen”的声明
c:\software\3.2\opencv\build\include\opencv2\imgproc.hpp(592): warning C4819: 该文件包含不能在当前代码页(936)中表示的字符。请将该文件保存为 Unicode 格式以防止数据丢失
j:\dot_project\080118mapping\080118mapping\id.h(67): warning C4244: “=”: 从“double”转换到“int”，可能丢失数据
j:\dot_project\080118mapping\080118mapping\id.h(88): warning C4244: “=”: 从“double”转换到“int”，可能丢失数据
j:\dot_project\080118mapping\080118mapping\id.h(110): warning C4244: “=”: 从“double”转换到“int”，可能丢失数据
j:\dot_project\080118mapping\080118mapping\id.h(134): warning C4244: “=”: 从“double”转换到“int”，可能丢失数据
j:\dot_project\080118mapping\080118mapping\identification.h(97): warning C4244: “=”: 从“double”转换到“int”，可能丢失数据
j:\dot_project\080118mapping\080118mapping\源.cpp(89): error C4996: 'fopen': This function or variable may be unsafe. Consider using fopen_s instead. To disable deprecation, use _CRT_SECURE_NO_WARNINGS. See online help for details.
  c:\program files (x86)\windows kits\10\include\10.0.10240.0\ucrt\stdio.h(205): note: 参见“fopen”的声明
j:\dot_project\080118mapping\080118mapping\源.cpp(168): warning C4244: “参数”: 从“int”转换到“GLfloat”，可能丢失数据
j:\dot_project\080118mapping\080118mapping\源.cpp(337): warning C4244: “参数”: 从“int”转换到“float”，可能丢失数据
j:\dot_project\080118mapping\080118mapping\源.cpp(338): warning C4244: “参数”: 从“int”转换到“float”，可能丢失数据
j:\dot_project\080118mapping\080118mapping\源.cpp(339): warning C4244: “参数”: 从“int”转换到“float”，可能丢失数据
j:\dot_project\080118mapping\080118mapping\源.cpp(483): warning C4267: “初始化”: 从“size_t”转换到“int”，可能丢失数据
j:\dot_project\080118mapping\080118mapping\源.cpp(588): warning C4018: “>”: 有符号/无符号不匹配
j:\dot_project\080118mapping\080118mapping\源.cpp(594): warning C4267: “参数”: 从“size_t”转换到“const int”，可能丢失数据
j:\dot_project\080118mapping\080118mapping\源.cpp(660): warning C4267: “初始化”: 从“size_t”转换到“int”，可能丢失数据
j:\dot_project\080118mapping\080118mapping\源.cpp(696): error C4996: 'sprintf': This function or variable may be unsafe. Consider using sprintf_s instead. To disable deprecation, use _CRT_SECURE_NO_WARNINGS. See online help for details.
  c:\program files (x86)\windows kits\10\include\10.0.10240.0\ucrt\stdio.h(1769): note: 参见“sprintf”的声明
  bmp.cpp
  正在生成代码...
